tv/build/outputs/mapping/release/seeds.txt
top.cywin.onetv.tv.BootReceiver
top.cywin.onetv.tv.MainActivity
top.cywin.onetv.tv.MyTVApplication
top.cywin.onetv.tv.utlis.AllSettings: top.cywin.onetv.tv.utlis.AllSettings$Companion Companion
top.cywin.onetv.tv.utlis.AppInfo: top.cywin.onetv.tv.utlis.AppInfo$Companion Companion
top.cywin.onetv.tv.ui.material.TagSize: top.cywin.onetv.tv.ui.material.TagSize[] values()
top.cywin.onetv.tv.ui.screens.webview.MyWebViewInterface: void changeVideoResolution(int,int)
top.cywin.onetv.tv.MyTVApplication: MyTVApplication()
top.cywin.onetv.tv.ui.screens.settings.SettingsCategories: top.cywin.onetv.tv.ui.screens.settings.SettingsCategories valueOf(java.lang.String)
top.cywin.onetv.tv.MainActivity: MainActivity()
top.cywin.onetv.tv.ui.material.TagSize: top.cywin.onetv.tv.ui.material.TagSize valueOf(java.lang.String)
top.cywin.onetv.tv.ui.utils.Configs$IptvHybridMode: top.cywin.onetv.tv.ui.utils.Configs$IptvHybridMode[] values()
top.cywin.onetv.tv.ui.material.SnackbarType: top.cywin.onetv.tv.ui.material.SnackbarType[] values()
top.cywin.onetv.tv.ui.material.DrawerPosition: top.cywin.onetv.tv.ui.material.DrawerPosition[] values()
top.cywin.onetv.tv.ui.screens.settings.SettingsViewModel: SettingsViewModel()
top.cywin.onetv.tv.ui.screens.settings.SettingsCategories: top.cywin.onetv.tv.ui.screens.settings.SettingsCategories[] values()
top.cywin.onetv.tv.utlis.AllSettings$Companion: kotlinx.serialization.KSerializer serializer()
top.cywin.onetv.tv.ui.material.DrawerPosition: top.cywin.onetv.tv.ui.material.DrawerPosition valueOf(java.lang.String)
top.cywin.onetv.tv.utlis.AppInfo$Companion: kotlinx.serialization.KSerializer serializer()
top.cywin.onetv.tv.ui.screens.guide.components.GuideTvRemoteKeys: top.cywin.onetv.tv.ui.screens.guide.components.GuideTvRemoteKeys[] values()
top.cywin.onetv.tv.ui.screens.guide.components.GuideTvRemoteKeys: top.cywin.onetv.tv.ui.screens.guide.components.GuideTvRemoteKeys valueOf(java.lang.String)
top.cywin.onetv.tv.ui.screens.update.UpdateViewModel: UpdateViewModel()
top.cywin.onetv.tv.ui.utils.Configs$UiTimeShowMode: top.cywin.onetv.tv.ui.utils.Configs$UiTimeShowMode[] values()
top.cywin.onetv.tv.ui.material.SnackbarType: top.cywin.onetv.tv.ui.material.SnackbarType valueOf(java.lang.String)
top.cywin.onetv.tv.ui.utils.Configs$UiTimeShowMode: top.cywin.onetv.tv.ui.utils.Configs$UiTimeShowMode valueOf(java.lang.String)
top.cywin.onetv.tv.BootReceiver: BootReceiver()
top.cywin.onetv.tv.ui.screens.main.MainViewModel: MainViewModel()
top.cywin.onetv.tv.ui.screens.videoplayer.VideoPlayerDisplayMode: top.cywin.onetv.tv.ui.screens.videoplayer.VideoPlayerDisplayMode[] values()
top.cywin.onetv.tv.ui.screens.videoplayer.VideoPlayerDisplayMode: top.cywin.onetv.tv.ui.screens.videoplayer.VideoPlayerDisplayMode valueOf(java.lang.String)
top.cywin.onetv.tv.ui.utils.Configs$IptvHybridMode: top.cywin.onetv.tv.ui.utils.Configs$IptvHybridMode valueOf(java.lang.String)
...
androidx.compose.foundation.text.modifiers.TextStringSimpleElement
androidx.compose.foundation.selection.SelectableElement
androidx.compose.ui.graphics.GraphicsLayerElement
androidx.media3.extractor.metadata.scte35.TimeSignalCommand: android.os.Parcelable$Creator CREATOR
kotlinx.coroutines.CompletedExceptionally: int _handled$volatile
kotlinx.coroutines.internal.LockFreeTaskQueueCore: long _state$volatile
top.cywin.onetv.core.data.entities.iptvsource.IptvSource: top.cywin.onetv.core.data.entities.iptvsource.IptvSource$Companion Companion
kotlinx.coroutines.sync.MutexImpl: java.lang.Object owner$volatile
top.cywin.onetv.core.data.entities.epg.EpgProgrammeList: top.cywin.onetv.core.data.entities.epg.EpgProgrammeList$Companion Companion
kotlinx.coroutines.internal.LockFreeTaskQueueCore: java.lang.Object _next$volatile
androidx.media3.extractor.metadata.mp4.SmtaMetadataEntry: android.os.Parcelable$Creator CREATOR
kotlinx.coroutines.internal.LockFreeTaskQueue: java.lang.Object _cur$volatile
androidx.lifecycle.ProcessLifecycleOwner$attach$1$onActivityPreCreated$1: androidx.lifecycle.ProcessLifecycleOwner this$0
kotlinx.coroutines.flow.ChannelAsFlow: int consumed$volatile
kotlinx.coroutines.internal.ConcurrentLinkedListNode: java.lang.Object _prev$volatile
top.cywin.onetv.core.data.entities.epg.EpgProgrammeReserveList: top.cywin.onetv.core.data.entities.epg.EpgProgrammeReserveList$Companion Companion
kotlinx.serialization.json.JsonArray: kotlinx.serialization.json.JsonArray$Companion Companion
kotlinx.coroutines.scheduling.WorkQueue: java.lang.Object lastScheduledTask$volatile
kotlinx.coroutines.CancelledContinuation: int _resumed$volatile
androidx.lifecycle.Lifecycle$Event: androidx.lifecycle.Lifecycle$Event$Companion Companion
androidx.media3.extractor.metadata.id3.InternalFrame: android.os.Parcelable$Creator CREATOR
androidx.media3.common.DrmInitData$SchemeData: android.os.Parcelable$Creator CREATOR
kotlinx.coroutines.CancellableContinuationImpl: java.lang.Object _state$volatile
top.cywin.onetv.core.data.entities.iptvsource.IptvSourceList: top.cywin.onetv.core.data.entities.iptvsource.IptvSourceList$Companion Companion
kotlinx.coroutines.CancellableContinuationImpl: int _decisionAndIndex$volatile
kotlinx.coroutines.scheduling.CoroutineScheduler$Worker: int indexInArray
kotlinx.coroutines.scheduling.CoroutineScheduler$Worker: java.lang.Object nextParkedWorker
androidx.lifecycle.ReportFragment$LifecycleCallbacks: androidx.lifecycle.ReportFragment$LifecycleCallbacks$Companion Companion
kotlinx.coroutines.sync.SemaphoreImpl: long enqIdx$volatile
top.cywin.onetv.core.data.entities.epg.EpgProgrammeReserve: top.cywin.onetv.core.data.entities.epg.EpgProgrammeReserve$Companion Companion
kotlinx.coroutines.JobSupport$Finishing: java.lang.Object _rootCause$volatile
kotlinx.coroutines.internal.AtomicOp: java.lang.Object _consensus$volatile
androidx.media3.extractor.metadata.id3.ChapterFrame: android.os.Parcelable$Creator CREATOR
androidx.concurrent.futures.AbstractResolvableFuture: java.lang.Object value
androidx.compose.runtime.ParcelableSnapshotMutableIntState: android.os.Parcelable$Creator CREATOR
kotlinx.coroutines.channels.BufferedChannel: long bufferEnd$volatile
androidx.media3.common.Metadata: android.os.Parcelable$Creator CREATOR
kotlinx.coroutines.sync.SemaphoreImpl: long deqIdx$volatile
top.cywin.onetv.core.data.entities.epgsource.EpgSource: top.cywin.onetv.core.data.entities.epgsource.EpgSource$Companion Companion
kotlinx.coroutines.scheduling.WorkQueue: int blockingTasksInBuffer$volatile
kotlinx.coroutines.sync.SemaphoreImpl: java.lang.Object head$volatile
kotlinx.coroutines.android.HandlerDispatcherKt: android.view.Choreographer choreographer
kotlinx.coroutines.EventLoopImplBase: java.lang.Object _queue$volatile
kotlinx.coroutines.android.AndroidExceptionPreHandler: java.lang.Object _preHandler
androidx.media3.extractor.metadata.id3.GeobFrame: android.os.Parcelable$Creator CREATOR